<?xml version="1.0" encoding="UTF-8"?>
<!-- Generated by org.testng.reporters.JUnitReportReporter -->
<testsuite skipped="0" hostname="Venkatanathan" name="org.test.B" tests="3" failures="0" timestamp="12 Nov 2022 11:03:36 GMT" time="0.016" errors="0">
  <testcase name="tc12" time="0.016" classname="org.test.B"/>
  <testcase name="tc13" time="0.000" classname="org.test.B"/>
  <testcase name="tc11" time="0.000" classname="org.test.B"/>
</testsuite> <!-- org.test.B -->
