<?xml version="1.0" encoding="UTF-8"?>
<!-- Generated by org.testng.reporters.JUnitReportReporter -->
<testsuite skipped="0" hostname="Venkatanathan" name="org.test.TestDemo" tests="3" failures="0" timestamp="12 Nov 2022 10:56:42 GMT" time="0.032" errors="0">
  <testcase name="tc3" time="0.028" classname="org.test.TestDemo"/>
  <testcase name="tc2" time="0.002" classname="org.test.TestDemo"/>
  <testcase name="tc" time="0.002" classname="org.test.TestDemo"/>
</testsuite> <!-- org.test.TestDemo -->
