<?xml version="1.0" encoding="UTF-8"?>
<!-- Generated by org.testng.reporters.JUnitReportReporter -->
<testsuite skipped="0" hostname="Venkatanathan" name="org.test.C" tests="3" failures="0" timestamp="12 Nov 2022 11:03:36 GMT" time="0.015" errors="0">
  <testcase name="tc22" time="0.000" classname="org.test.C"/>
  <testcase name="tc21" time="0.015" classname="org.test.C"/>
  <testcase name="tc23" time="0.000" classname="org.test.C"/>
</testsuite> <!-- org.test.C -->
