<?xml version="1.0" encoding="UTF-8"?>
<!-- Generated by org.testng.reporters.JUnitReportReporter -->
<testsuite skipped="0" hostname="Venkatanathan" name="org.test.A" tests="3" failures="0" timestamp="12 Nov 2022 11:03:36 GMT" time="0.032" errors="0">
  <testcase name="tc3" time="0.000" classname="org.test.A"/>
  <testcase name="tc" time="0.032" classname="org.test.A"/>
  <testcase name="tc2" time="0.000" classname="org.test.A"/>
</testsuite> <!-- org.test.A -->
